Namespace(model='vit_base', dataset='data/ImageNet', calib_batchsize=32, val_batchsize=200, num_workers=8, device='cuda', print_freq=100, seed=0, w_bits=4, a_bits=4)



VisionTransformer(
    (patch_embed): PatchEmbed(
        (proj): Conv2d(3, 768, kernel_size=(16, 16), stride=(16, 16))
        (norm): Identity()
    )
    (pos_drop): Dropout(p=0.0, inplace=False)
    (blocks): Sequential(
        (0): Block(
            (norm1): LayerNorm((768,), eps=1e-06, elementwise_affine=True)
            (attn): Attention(
                (qkv): Linear(in_features=768, out_features=2304, bias=True)
                (attn_drop): Dropout(p=0.0, inplace=False)
                (proj): Linear(in_features=768, out_features=768, bias=True)
                (proj_drop): Dropout(p=0.0, inplace=False)
                (matmul1): MatMul()
                (matmul2): MatMul()
            )
            (drop_path): Identity()
            (norm2): LayerNorm((768,), eps=1e-06, elementwise_affine=True)
            (mlp): Mlp(
                (fc1): Linear(in_features=768, out_features=3072, bias=True)
                (act): GELU(approximate='none')
                (fc2): Linear(in_features=3072, out_features=768, bias=True)
                (drop): Dropout(p=0.0, inplace=False)
            )
        )
    )
    (norm): LayerNorm((768,), eps=1e-06, elementwise_affine=True)
    (pre_logits): Identity()
    (head): Linear(in_features=768, out_features=1000, bias=True)
)